                                 Started job on |	Oct 21 13:39:29
                             Started mapping on |	Oct 21 13:39:58
                                    Finished on |	Oct 21 13:51:13
       Mapping speed, Million of reads per hour |	525.50

                          Number of input reads |	98530438
                      Average input read length |	200
                                    UNIQUE READS:
                   Uniquely mapped reads number |	91533110
                        Uniquely mapped reads % |	92.90%
                          Average mapped length |	199.41
                       Number of splices: Total |	76627565
            Number of splices: Annotated (sjdb) |	76242601
                       Number of splices: GT/AG |	75948244
                       Number of splices: GC/AG |	533313
                       Number of splices: AT/AC |	65540
               Number of splices: Non-canonical |	80468
                      Mismatch rate per base, % |	0.23%
                         Deletion rate per base |	0.01%
                        Deletion average length |	1.84
                        Insertion rate per base |	0.01%
                       Insertion average length |	1.50
                             MULTI-MAPPING READS:
        Number of reads mapped to multiple loci |	4634260
             % of reads mapped to multiple loci |	4.70%
        Number of reads mapped to too many loci |	10978
             % of reads mapped to too many loci |	0.01%
                                  UNMAPPED READS:
  Number of reads unmapped: too many mismatches |	0
       % of reads unmapped: too many mismatches |	0.00%
            Number of reads unmapped: too short |	2344799
                 % of reads unmapped: too short |	2.38%
                Number of reads unmapped: other |	7291
                     % of reads unmapped: other |	0.01%
                                  CHIMERIC READS:
                       Number of chimeric reads |	0
                            % of chimeric reads |	0.00%
