                                 Started job on |	Oct 21 13:39:30
                             Started mapping on |	Oct 21 13:39:59
                                    Finished on |	Oct 21 13:50:39
       Mapping speed, Million of reads per hour |	669.03

                          Number of input reads |	118938906
                      Average input read length |	200
                                    UNIQUE READS:
                   Uniquely mapped reads number |	110696347
                        Uniquely mapped reads % |	93.07%
                          Average mapped length |	199.40
                       Number of splices: Total |	94361203
            Number of splices: Annotated (sjdb) |	93898712
                       Number of splices: GT/AG |	93529697
                       Number of splices: GC/AG |	658676
                       Number of splices: AT/AC |	79681
               Number of splices: Non-canonical |	93149
                      Mismatch rate per base, % |	0.24%
                         Deletion rate per base |	0.01%
                        Deletion average length |	1.85
                        Insertion rate per base |	0.01%
                       Insertion average length |	1.48
                             MULTI-MAPPING READS:
        Number of reads mapped to multiple loci |	4984414
             % of reads mapped to multiple loci |	4.19%
        Number of reads mapped to too many loci |	12201
             % of reads mapped to too many loci |	0.01%
                                  UNMAPPED READS:
  Number of reads unmapped: too many mismatches |	0
       % of reads unmapped: too many mismatches |	0.00%
            Number of reads unmapped: too short |	3237557
                 % of reads unmapped: too short |	2.72%
                Number of reads unmapped: other |	8387
                     % of reads unmapped: other |	0.01%
                                  CHIMERIC READS:
                       Number of chimeric reads |	0
                            % of chimeric reads |	0.00%
