                                 Started job on |	Oct 21 13:39:30
                             Started mapping on |	Oct 21 13:39:59
                                    Finished on |	Oct 21 13:49:33
       Mapping speed, Million of reads per hour |	670.39

                          Number of input reads |	106889224
                      Average input read length |	200
                                    UNIQUE READS:
                   Uniquely mapped reads number |	98233053
                        Uniquely mapped reads % |	91.90%
                          Average mapped length |	199.33
                       Number of splices: Total |	84326503
            Number of splices: Annotated (sjdb) |	83930711
                       Number of splices: GT/AG |	83598476
                       Number of splices: GC/AG |	570195
                       Number of splices: AT/AC |	70024
               Number of splices: Non-canonical |	87808
                      Mismatch rate per base, % |	0.24%
                         Deletion rate per base |	0.01%
                        Deletion average length |	1.86
                        Insertion rate per base |	0.01%
                       Insertion average length |	1.50
                             MULTI-MAPPING READS:
        Number of reads mapped to multiple loci |	5213637
             % of reads mapped to multiple loci |	4.88%
        Number of reads mapped to too many loci |	11712
             % of reads mapped to too many loci |	0.01%
                                  UNMAPPED READS:
  Number of reads unmapped: too many mismatches |	0
       % of reads unmapped: too many mismatches |	0.00%
            Number of reads unmapped: too short |	3424107
                 % of reads unmapped: too short |	3.20%
                Number of reads unmapped: other |	6715
                     % of reads unmapped: other |	0.01%
                                  CHIMERIC READS:
                       Number of chimeric reads |	0
                            % of chimeric reads |	0.00%
