                                 Started job on |	Oct 21 13:39:30
                             Started mapping on |	Oct 21 13:39:59
                                    Finished on |	Oct 21 13:49:12
       Mapping speed, Million of reads per hour |	691.25

                          Number of input reads |	106182953
                      Average input read length |	200
                                    UNIQUE READS:
                   Uniquely mapped reads number |	97787710
                        Uniquely mapped reads % |	92.09%
                          Average mapped length |	199.40
                       Number of splices: Total |	83365531
            Number of splices: Annotated (sjdb) |	82942441
                       Number of splices: GT/AG |	82650979
                       Number of splices: GC/AG |	562950
                       Number of splices: AT/AC |	70120
               Number of splices: Non-canonical |	81482
                      Mismatch rate per base, % |	0.22%
                         Deletion rate per base |	0.01%
                        Deletion average length |	1.85
                        Insertion rate per base |	0.01%
                       Insertion average length |	1.48
                             MULTI-MAPPING READS:
        Number of reads mapped to multiple loci |	3973246
             % of reads mapped to multiple loci |	3.74%
        Number of reads mapped to too many loci |	11275
             % of reads mapped to too many loci |	0.01%
                                  UNMAPPED READS:
  Number of reads unmapped: too many mismatches |	0
       % of reads unmapped: too many mismatches |	0.00%
            Number of reads unmapped: too short |	4402179
                 % of reads unmapped: too short |	4.15%
                Number of reads unmapped: other |	8543
                     % of reads unmapped: other |	0.01%
                                  CHIMERIC READS:
                       Number of chimeric reads |	0
                            % of chimeric reads |	0.00%
