                                 Started job on |	Oct 21 13:39:30
                             Started mapping on |	Oct 21 13:39:59
                                    Finished on |	Oct 21 13:47:50
       Mapping speed, Million of reads per hour |	812.35

                          Number of input reads |	106283105
                      Average input read length |	200
                                    UNIQUE READS:
                   Uniquely mapped reads number |	99034383
                        Uniquely mapped reads % |	93.18%
                          Average mapped length |	199.41
                       Number of splices: Total |	82944157
            Number of splices: Annotated (sjdb) |	82535246
                       Number of splices: GT/AG |	82216564
                       Number of splices: GC/AG |	571714
                       Number of splices: AT/AC |	69858
               Number of splices: Non-canonical |	86021
                      Mismatch rate per base, % |	0.23%
                         Deletion rate per base |	0.01%
                        Deletion average length |	1.82
                        Insertion rate per base |	0.01%
                       Insertion average length |	1.48
                             MULTI-MAPPING READS:
        Number of reads mapped to multiple loci |	4174305
             % of reads mapped to multiple loci |	3.93%
        Number of reads mapped to too many loci |	10257
             % of reads mapped to too many loci |	0.01%
                                  UNMAPPED READS:
  Number of reads unmapped: too many mismatches |	0
       % of reads unmapped: too many mismatches |	0.00%
            Number of reads unmapped: too short |	3056346
                 % of reads unmapped: too short |	2.88%
                Number of reads unmapped: other |	7814
                     % of reads unmapped: other |	0.01%
                                  CHIMERIC READS:
                       Number of chimeric reads |	0
                            % of chimeric reads |	0.00%
